{"/home/djepeno/site/pmern/Library_MERN/backend/controllers/bookController.js": {"path":"/home/djepeno/site/pmern/Library_MERN/backend/controllers/bookController.js","statementMap":{"0":{"start":{"line":3,"column":24},"end":{"line":11,"column":1}},"1":{"start":{"line":4,"column":4},"end":{"line":10,"column":10}},"2":{"start":{"line":6,"column":23},"end":{"line":6,"column":50}},"3":{"start":{"line":8,"column":28},"end":{"line":8,"column":92}},"4":{"start":{"line":9,"column":12},"end":{"line":9,"column":54}},"5":{"start":{"line":13,"column":23},"end":{"line":26,"column":1}},"6":{"start":{"line":14,"column":4},"end":{"line":25,"column":10}},"7":{"start":{"line":16,"column":22},"end":{"line":16,"column":48}},"8":{"start":{"line":18,"column":12},"end":{"line":22,"column":13}},"9":{"start":{"line":19,"column":16},"end":{"line":19,"column":83}},"10":{"start":{"line":21,"column":16},"end":{"line":21,"column":23}},"11":{"start":{"line":23,"column":28},"end":{"line":23,"column":92}},"12":{"start":{"line":24,"column":12},"end":{"line":24,"column":54}},"13":{"start":{"line":28,"column":23},"end":{"line":42,"column":1}},"14":{"start":{"line":29,"column":17},"end":{"line":29,"column":40}},"15":{"start":{"line":30,"column":4},"end":{"line":41,"column":10}},"16":{"start":{"line":32,"column":19},"end":{"line":32,"column":76}},"17":{"start":{"line":34,"column":12},"end":{"line":38,"column":15}},"18":{"start":{"line":35,"column":16},"end":{"line":35,"column":70}},"19":{"start":{"line":37,"column":16},"end":{"line":37,"column":23}},"20":{"start":{"line":39,"column":28},"end":{"line":39,"column":83}},"21":{"start":{"line":40,"column":12},"end":{"line":40,"column":54}},"22":{"start":{"line":44,"column":26},"end":{"line":56,"column":1}},"23":{"start":{"line":45,"column":4},"end":{"line":55,"column":10}},"24":{"start":{"line":47,"column":19},"end":{"line":47,"column":59}},"25":{"start":{"line":49,"column":12},"end":{"line":53,"column":13}},"26":{"start":{"line":50,"column":16},"end":{"line":50,"column":83}},"27":{"start":{"line":52,"column":16},"end":{"line":52,"column":23}},"28":{"start":{"line":54,"column":12},"end":{"line":54,"column":37}},"29":{"start":{"line":58,"column":26},"end":{"line":70,"column":1}},"30":{"start":{"line":59,"column":4},"end":{"line":69,"column":10}},"31":{"start":{"line":61,"column":19},"end":{"line":61,"column":60}},"32":{"start":{"line":63,"column":12},"end":{"line":67,"column":13}},"33":{"start":{"line":64,"column":16},"end":{"line":64,"column":83}},"34":{"start":{"line":66,"column":16},"end":{"line":66,"column":23}},"35":{"start":{"line":68,"column":12},"end":{"line":68,"column":37}}},"fnMap":{"0":{"name":"(anonymous_0)","decl":{"start":{"line":3,"column":24},"end":{"line":3,"column":25}},"loc":{"start":{"line":3,"column":36},"end":{"line":11,"column":1}},"line":3},"1":{"name":"(anonymous_1)","decl":{"start":{"line":6,"column":14},"end":{"line":6,"column":15}},"loc":{"start":{"line":6,"column":23},"end":{"line":6,"column":50}},"line":6},"2":{"name":"(anonymous_2)","decl":{"start":{"line":7,"column":15},"end":{"line":7,"column":16}},"loc":{"start":{"line":7,"column":22},"end":{"line":10,"column":9}},"line":7},"3":{"name":"(anonymous_3)","decl":{"start":{"line":13,"column":23},"end":{"line":13,"column":24}},"loc":{"start":{"line":13,"column":43},"end":{"line":26,"column":1}},"line":13},"4":{"name":"(anonymous_4)","decl":{"start":{"line":16,"column":14},"end":{"line":16,"column":15}},"loc":{"start":{"line":16,"column":22},"end":{"line":16,"column":48}},"line":16},"5":{"name":"(anonymous_5)","decl":{"start":{"line":17,"column":15},"end":{"line":17,"column":16}},"loc":{"start":{"line":17,"column":22},"end":{"line":25,"column":9}},"line":17},"6":{"name":"(anonymous_6)","decl":{"start":{"line":28,"column":23},"end":{"line":28,"column":24}},"loc":{"start":{"line":28,"column":43},"end":{"line":42,"column":1}},"line":28},"7":{"name":"(anonymous_7)","decl":{"start":{"line":32,"column":14},"end":{"line":32,"column":15}},"loc":{"start":{"line":32,"column":19},"end":{"line":32,"column":76}},"line":32},"8":{"name":"(anonymous_8)","decl":{"start":{"line":33,"column":15},"end":{"line":33,"column":16}},"loc":{"start":{"line":33,"column":22},"end":{"line":41,"column":9}},"line":33},"9":{"name":"(anonymous_9)","decl":{"start":{"line":44,"column":26},"end":{"line":44,"column":27}},"loc":{"start":{"line":44,"column":40},"end":{"line":56,"column":1}},"line":44},"10":{"name":"(anonymous_10)","decl":{"start":{"line":47,"column":14},"end":{"line":47,"column":15}},"loc":{"start":{"line":47,"column":19},"end":{"line":47,"column":59}},"line":47},"11":{"name":"(anonymous_11)","decl":{"start":{"line":48,"column":15},"end":{"line":48,"column":16}},"loc":{"start":{"line":48,"column":22},"end":{"line":55,"column":9}},"line":48},"12":{"name":"(anonymous_12)","decl":{"start":{"line":58,"column":26},"end":{"line":58,"column":27}},"loc":{"start":{"line":58,"column":40},"end":{"line":70,"column":1}},"line":58},"13":{"name":"(anonymous_13)","decl":{"start":{"line":61,"column":14},"end":{"line":61,"column":15}},"loc":{"start":{"line":61,"column":19},"end":{"line":61,"column":60}},"line":61},"14":{"name":"(anonymous_14)","decl":{"start":{"line":62,"column":15},"end":{"line":62,"column":16}},"loc":{"start":{"line":62,"column":22},"end":{"line":69,"column":9}},"line":62}},"branchMap":{"0":{"loc":{"start":{"line":18,"column":12},"end":{"line":22,"column":13}},"type":"if","locations":[{"start":{"line":18,"column":12},"end":{"line":22,"column":13}},{"start":{"line":18,"column":12},"end":{"line":22,"column":13}}],"line":18},"1":{"loc":{"start":{"line":34,"column":12},"end":{"line":38,"column":15}},"type":"if","locations":[{"start":{"line":34,"column":12},"end":{"line":38,"column":15}},{"start":{"line":34,"column":12},"end":{"line":38,"column":15}}],"line":34},"2":{"loc":{"start":{"line":34,"column":16},"end":{"line":34,"column":63}},"type":"binary-expr","locations":[{"start":{"line":34,"column":16},"end":{"line":34,"column":41}},{"start":{"line":34,"column":45},"end":{"line":34,"column":63}}],"line":34},"3":{"loc":{"start":{"line":49,"column":12},"end":{"line":53,"column":13}},"type":"if","locations":[{"start":{"line":49,"column":12},"end":{"line":53,"column":13}},{"start":{"line":49,"column":12},"end":{"line":53,"column":13}}],"line":49},"4":{"loc":{"start":{"line":63,"column":12},"end":{"line":67,"column":13}},"type":"if","locations":[{"start":{"line":63,"column":12},"end":{"line":67,"column":13}},{"start":{"line":63,"column":12},"end":{"line":67,"column":13}}],"line":63}},"s":{"0":1,"1":1,"2":0,"3":0,"4":0,"5":1,"6":0,"7":0,"8":0,"9":0,"10":0,"11":0,"12":0,"13":1,"14":0,"15":0,"16":0,"17":0,"18":0,"19":0,"20":0,"21":0,"22":1,"23":0,"24":0,"25":0,"26":0,"27":0,"28":0,"29":1,"30":0,"31":0,"32":0,"33":0,"34":0,"35":0},"f":{"0":1,"1":0,"2":0,"3":0,"4":0,"5":0,"6":0,"7":0,"8":0,"9":0,"10":0,"11":0,"12":0,"13":0,"14":0},"b":{"0":[0,0],"1":[0,0],"2":[0,0],"3":[0,0],"4":[0,0]},"_coverageSchema":"1a1c01bbd47fc00a2c39e90264f33305004495a9","hash":"34d96d36d8f62b4906924e786f07b86abb6188ee"}
,"/home/djepeno/site/pmern/Library_MERN/backend/models/bookmodel.js": {"path":"/home/djepeno/site/pmern/Library_MERN/backend/models/bookmodel.js","statementMap":{"0":{"start":{"line":3,"column":19},"end":{"line":24,"column":2}},"1":{"start":{"line":26,"column":18},"end":{"line":26,"column":52}}},"fnMap":{},"branchMap":{},"s":{"0":1,"1":1},"f":{},"b":{},"_coverageSchema":"1a1c01bbd47fc00a2c39e90264f33305004495a9","hash":"2332cf1a421e862fc71e6c07b256a80dba369041"}
}
